<?xml version="1.0" encoding="UTF-8"?>
<testng-results skipped="0" failed="0" ignored="0" total="1" passed="1">
  <reporter-output>
  </reporter-output>
  <suite name="Suite" duration-ms="234" started-at="2017-09-25T04:22:19Z" finished-at="2017-09-25T04:22:20Z">
    <groups>
    </groups>
    <test name="Test1" duration-ms="234" started-at="2017-09-25T04:22:19Z" finished-at="2017-09-25T04:22:20Z">
      <class name="gittest.MyGitTest">
        <test-method status="PASS" signature="f()[pri:0, instance:gittest.MyGitTest@24a67]" name="f" duration-ms="63" started-at="2017-09-25T09:52:20Z" finished-at="2017-09-25T09:52:20Z">
          <reporter-output>
          </reporter-output>
        </test-method> <!-- f -->
      </class> <!-- gittest.MyGitTest -->
    </test> <!-- Test1 -->
  </suite> <!-- Suite -->
</testng-results>
