<?xml version="1.0" encoding="UTF-8"?>
<testng-results skipped="0" failed="0" total="1" passed="1">
  <reporter-output>
  </reporter-output>
  <suite name="Suite" duration-ms="32" started-at="2017-09-25T03:07:16Z" finished-at="2017-09-25T03:07:16Z">
    <groups>
    </groups>
    <test name="Test1" duration-ms="32" started-at="2017-09-25T03:07:16Z" finished-at="2017-09-25T03:07:16Z">
      <class name="gittest.MyGitTest">
        <test-method status="PASS" signature="f()[pri:0, instance:gittest.MyGitTest@13b6d03]" name="f" duration-ms="16" started-at="2017-09-25T08:37:16Z" finished-at="2017-09-25T08:37:16Z">
          <reporter-output>
          </reporter-output>
        </test-method> <!-- f -->
      </class> <!-- gittest.MyGitTest -->
    </test> <!-- Test1 -->
  </suite> <!-- Suite -->
</testng-results>
